<?xml version="1.0" encoding="UTF-8"?>
<!-- Generated by org.testng.reporters.JUnitReportReporter -->
<testsuite skipped="0" hostname="Sridhar1" name="Academy.HomePage" tests="3" failures="0" timestamp="2019-11-21T00:10:01 EST" time="21.982" errors="0">
  <testcase name="basePageNvigation" time="13.334" classname="Academy.HomePage"/>
  <testcase name="basePageNvigation" time="4.445" classname="Academy.HomePage"/>
  <testcase name="basePageNvigation" time="4.203" classname="Academy.HomePage"/>
</testsuite> <!-- Academy.HomePage -->
